<?xml version="1.0" encoding="UTF-8"?>
<!-- Generated by org.testng.reporters.JUnitReportReporter -->
<testsuite skipped="0" hostname="BHUVANAGIRIBROS" name="screenshot.CaptureScreenshot" tests="1" failures="0" timestamp="14 Oct 2018 08:07:51 GMT" time="90.076" errors="0">
  <testcase name="snap" time="90.076" classname="screenshot.CaptureScreenshot"/>
</testsuite> <!-- screenshot.CaptureScreenshot -->
