<?xml version="1.0" encoding="UTF-8"?>
<!-- Generated by org.testng.reporters.JUnitReportReporter -->
<testsuite skipped="0" hostname="BHUVANAGIRIBROS" name="screenshot.ScreenshotFiringMethod" tests="1" failures="0" timestamp="17 Oct 2018 05:17:52 GMT" time="29.184" errors="0">
  <testcase name="screenshots" time="29.184" classname="screenshot.ScreenshotFiringMethod"/>
</testsuite> <!-- screenshot.ScreenshotFiringMethod -->
