<?xml version="1.0" encoding="UTF-8"?>
<!-- Generated by org.testng.reporters.JUnitReportReporter -->
<testsuite skipped="0" hostname="BHUVANAGIRIBROS" name="windowPopups.WindowPOPUPS" tests="1" failures="0" timestamp="14 Oct 2018 16:48:19 GMT" time="66.518" errors="0">
  <testcase name="popupHandling" time="66.518" classname="windowPopups.WindowPOPUPS"/>
</testsuite> <!-- windowPopups.WindowPOPUPS -->
