<?xml version="1.0" encoding="UTF-8"?>
<!-- Generated by org.testng.reporters.JUnitReportReporter -->
<testsuite skipped="0" hostname="BHUVANAGIRIBROS" name="screenshot.scrshot" tests="1" failures="0" timestamp="16 Oct 2018 06:27:21 GMT" time="142.089" errors="0">
  <testcase name="snaps" time="142.089" classname="screenshot.scrshot"/>
</testsuite> <!-- screenshot.scrshot -->
